<?xml version="1.0" encoding="UTF-8"?>
<!-- Generated by org.testng.reporters.JUnitXMLReporter -->
<testsuite hostname="HGDLAPBARRIOSV" ignored="0" name="Default test" tests="8" failures="0" timestamp="12 oct 2017 17:28:07 GMT" time="79.484" errors="0">
  <testcase name="voipPhoneNumber" time="5.424" classname="com.app.addapplicant.Add_Applicant_TestNG"/>
  <testcase name="landLineNumber" time="5.245" classname="com.app.addapplicant.Add_Applicant_TestNG"/>
  <testcase name="emailUndeliverable" time="5.131" classname="com.app.addapplicant.Add_Applicant_TestNG"/>
  <testcase name="emailFormatNotCorrect" time="5.167" classname="com.app.addapplicant.Add_Applicant_TestNG"/>
  <testcase name="firstNameEmpty" time="5.035" classname="com.app.addapplicant.Add_Applicant_TestNG"/>
  <testcase name="lastNameEmpty" time="4.977" classname="com.app.addapplicant.Add_Applicant_TestNG"/>
  <testcase name="ssnInavlid" time="4.92" classname="com.app.addapplicant.Add_Applicant_TestNG"/>
  <testcase name="addCandidate" time="8.049" classname="com.app.addapplicant.Add_Applicant_TestNG"/>
</testsuite> <!-- Default test -->
