<?xml version="1.0" encoding="UTF-8"?>
<testng-results skipped="0" failed="0" ignored="0" total="8" passed="8">
  <reporter-output>
  </reporter-output>
  <suite name="Default suite" duration-ms="79484" started-at="2017-10-12T17:26:48Z" finished-at="2017-10-12T17:28:07Z">
    <groups>
    </groups>
    <test name="Default test" duration-ms="79484" started-at="2017-10-12T17:26:48Z" finished-at="2017-10-12T17:28:07Z">
      <class name="com.app.addapplicant.Add_Applicant_TestNG">
        <test-method status="PASS" signature="launchBrowserAndLogin()[pri:0, instance:com.app.addapplicant.Add_Applicant_TestNG@3e6fa38a]" name="launchBrowserAndLogin" is-config="true" duration-ms="17226" started-at="2017-10-12T12:26:48Z" finished-at="2017-10-12T12:27:05Z">
          <reporter-output>
          </reporter-output>
        </test-method> <!-- launchBrowserAndLogin -->
        <test-method status="PASS" signature="turnAppLogIn()[pri:0, instance:com.app.addapplicant.Add_Applicant_TestNG@3e6fa38a]" name="turnAppLogIn" is-config="true" duration-ms="267" started-at="2017-10-12T12:27:05Z" finished-at="2017-10-12T12:27:05Z">
          <reporter-output>
          </reporter-output>
        </test-method> <!-- turnAppLogIn -->
        <test-method status="PASS" signature="voipPhoneNumber()[pri:1, instance:com.app.addapplicant.Add_Applicant_TestNG@3e6fa38a]" name="voipPhoneNumber" duration-ms="5424" started-at="2017-10-12T12:27:05Z" finished-at="2017-10-12T12:27:11Z">
          <reporter-output>
          </reporter-output>
        </test-method> <!-- voipPhoneNumber -->
        <test-method status="PASS" signature="closeAddApplicantWindow()[pri:0, instance:com.app.addapplicant.Add_Applicant_TestNG@3e6fa38a]" name="closeAddApplicantWindow" is-config="true" duration-ms="2096" started-at="2017-10-12T12:27:11Z" finished-at="2017-10-12T12:27:13Z">
          <reporter-output>
          </reporter-output>
        </test-method> <!-- closeAddApplicantWindow -->
        <test-method status="PASS" signature="turnAppLogIn()[pri:0, instance:com.app.addapplicant.Add_Applicant_TestNG@3e6fa38a]" name="turnAppLogIn" is-config="true" duration-ms="88" started-at="2017-10-12T12:27:13Z" finished-at="2017-10-12T12:27:13Z">
          <reporter-output>
          </reporter-output>
        </test-method> <!-- turnAppLogIn -->
        <test-method status="PASS" signature="landLineNumber()[pri:2, instance:com.app.addapplicant.Add_Applicant_TestNG@3e6fa38a]" name="landLineNumber" duration-ms="5245" started-at="2017-10-12T12:27:13Z" finished-at="2017-10-12T12:27:18Z">
          <reporter-output>
          </reporter-output>
        </test-method> <!-- landLineNumber -->
        <test-method status="PASS" signature="closeAddApplicantWindow()[pri:0, instance:com.app.addapplicant.Add_Applicant_TestNG@3e6fa38a]" name="closeAddApplicantWindow" is-config="true" duration-ms="2137" started-at="2017-10-12T12:27:18Z" finished-at="2017-10-12T12:27:20Z">
          <reporter-output>
          </reporter-output>
        </test-method> <!-- closeAddApplicantWindow -->
        <test-method status="PASS" signature="turnAppLogIn()[pri:0, instance:com.app.addapplicant.Add_Applicant_TestNG@3e6fa38a]" name="turnAppLogIn" is-config="true" duration-ms="84" started-at="2017-10-12T12:27:20Z" finished-at="2017-10-12T12:27:20Z">
          <reporter-output>
          </reporter-output>
        </test-method> <!-- turnAppLogIn -->
        <test-method status="PASS" signature="emailUndeliverable()[pri:3, instance:com.app.addapplicant.Add_Applicant_TestNG@3e6fa38a]" name="emailUndeliverable" duration-ms="5131" started-at="2017-10-12T12:27:20Z" finished-at="2017-10-12T12:27:25Z">
          <reporter-output>
          </reporter-output>
        </test-method> <!-- emailUndeliverable -->
        <test-method status="PASS" signature="closeAddApplicantWindow()[pri:0, instance:com.app.addapplicant.Add_Applicant_TestNG@3e6fa38a]" name="closeAddApplicantWindow" is-config="true" duration-ms="2084" started-at="2017-10-12T12:27:25Z" finished-at="2017-10-12T12:27:27Z">
          <reporter-output>
          </reporter-output>
        </test-method> <!-- closeAddApplicantWindow -->
        <test-method status="PASS" signature="turnAppLogIn()[pri:0, instance:com.app.addapplicant.Add_Applicant_TestNG@3e6fa38a]" name="turnAppLogIn" is-config="true" duration-ms="77" started-at="2017-10-12T12:27:27Z" finished-at="2017-10-12T12:27:28Z">
          <reporter-output>
          </reporter-output>
        </test-method> <!-- turnAppLogIn -->
        <test-method status="PASS" signature="emailFormatNotCorrect()[pri:4, instance:com.app.addapplicant.Add_Applicant_TestNG@3e6fa38a]" name="emailFormatNotCorrect" duration-ms="5167" started-at="2017-10-12T12:27:28Z" finished-at="2017-10-12T12:27:33Z">
          <reporter-output>
          </reporter-output>
        </test-method> <!-- emailFormatNotCorrect -->
        <test-method status="PASS" signature="closeAddApplicantWindow()[pri:0, instance:com.app.addapplicant.Add_Applicant_TestNG@3e6fa38a]" name="closeAddApplicantWindow" is-config="true" duration-ms="2086" started-at="2017-10-12T12:27:33Z" finished-at="2017-10-12T12:27:35Z">
          <reporter-output>
          </reporter-output>
        </test-method> <!-- closeAddApplicantWindow -->
        <test-method status="PASS" signature="turnAppLogIn()[pri:0, instance:com.app.addapplicant.Add_Applicant_TestNG@3e6fa38a]" name="turnAppLogIn" is-config="true" duration-ms="140" started-at="2017-10-12T12:27:35Z" finished-at="2017-10-12T12:27:35Z">
          <reporter-output>
          </reporter-output>
        </test-method> <!-- turnAppLogIn -->
        <test-method status="PASS" signature="firstNameEmpty()[pri:5, instance:com.app.addapplicant.Add_Applicant_TestNG@3e6fa38a]" name="firstNameEmpty" duration-ms="5035" started-at="2017-10-12T12:27:35Z" finished-at="2017-10-12T12:27:40Z">
          <reporter-output>
          </reporter-output>
        </test-method> <!-- firstNameEmpty -->
        <test-method status="PASS" signature="closeAddApplicantWindow()[pri:0, instance:com.app.addapplicant.Add_Applicant_TestNG@3e6fa38a]" name="closeAddApplicantWindow" is-config="true" duration-ms="2071" started-at="2017-10-12T12:27:40Z" finished-at="2017-10-12T12:27:42Z">
          <reporter-output>
          </reporter-output>
        </test-method> <!-- closeAddApplicantWindow -->
        <test-method status="PASS" signature="turnAppLogIn()[pri:0, instance:com.app.addapplicant.Add_Applicant_TestNG@3e6fa38a]" name="turnAppLogIn" is-config="true" duration-ms="90" started-at="2017-10-12T12:27:42Z" finished-at="2017-10-12T12:27:42Z">
          <reporter-output>
          </reporter-output>
        </test-method> <!-- turnAppLogIn -->
        <test-method status="PASS" signature="lastNameEmpty()[pri:6, instance:com.app.addapplicant.Add_Applicant_TestNG@3e6fa38a]" name="lastNameEmpty" duration-ms="4977" started-at="2017-10-12T12:27:42Z" finished-at="2017-10-12T12:27:47Z">
          <reporter-output>
          </reporter-output>
        </test-method> <!-- lastNameEmpty -->
        <test-method status="PASS" signature="closeAddApplicantWindow()[pri:0, instance:com.app.addapplicant.Add_Applicant_TestNG@3e6fa38a]" name="closeAddApplicantWindow" is-config="true" duration-ms="2073" started-at="2017-10-12T12:27:47Z" finished-at="2017-10-12T12:27:49Z">
          <reporter-output>
          </reporter-output>
        </test-method> <!-- closeAddApplicantWindow -->
        <test-method status="PASS" signature="turnAppLogIn()[pri:0, instance:com.app.addapplicant.Add_Applicant_TestNG@3e6fa38a]" name="turnAppLogIn" is-config="true" duration-ms="109" started-at="2017-10-12T12:27:49Z" finished-at="2017-10-12T12:27:49Z">
          <reporter-output>
          </reporter-output>
        </test-method> <!-- turnAppLogIn -->
        <test-method status="PASS" signature="ssnInavlid()[pri:7, instance:com.app.addapplicant.Add_Applicant_TestNG@3e6fa38a]" name="ssnInavlid" duration-ms="4920" started-at="2017-10-12T12:27:49Z" finished-at="2017-10-12T12:27:54Z">
          <reporter-output>
          </reporter-output>
        </test-method> <!-- ssnInavlid -->
        <test-method status="PASS" signature="closeAddApplicantWindow()[pri:0, instance:com.app.addapplicant.Add_Applicant_TestNG@3e6fa38a]" name="closeAddApplicantWindow" is-config="true" duration-ms="2068" started-at="2017-10-12T12:27:54Z" finished-at="2017-10-12T12:27:56Z">
          <reporter-output>
          </reporter-output>
        </test-method> <!-- closeAddApplicantWindow -->
        <test-method status="PASS" signature="turnAppLogIn()[pri:0, instance:com.app.addapplicant.Add_Applicant_TestNG@3e6fa38a]" name="turnAppLogIn" is-config="true" duration-ms="112" started-at="2017-10-12T12:27:56Z" finished-at="2017-10-12T12:27:56Z">
          <reporter-output>
          </reporter-output>
        </test-method> <!-- turnAppLogIn -->
        <test-method status="PASS" signature="addCandidate()[pri:8, instance:com.app.addapplicant.Add_Applicant_TestNG@3e6fa38a]" name="addCandidate" duration-ms="8049" started-at="2017-10-12T12:27:56Z" finished-at="2017-10-12T12:28:04Z">
          <reporter-output>
          </reporter-output>
        </test-method> <!-- addCandidate -->
        <test-method status="PASS" signature="closeAddApplicantWindow()[pri:0, instance:com.app.addapplicant.Add_Applicant_TestNG@3e6fa38a]" name="closeAddApplicantWindow" is-config="true" duration-ms="2074" started-at="2017-10-12T12:28:04Z" finished-at="2017-10-12T12:28:07Z">
          <reporter-output>
          </reporter-output>
        </test-method> <!-- closeAddApplicantWindow -->
        <test-method status="PASS" signature="tearDown()[pri:0, instance:com.app.addapplicant.Add_Applicant_TestNG@3e6fa38a]" name="tearDown" is-config="true" duration-ms="612" started-at="2017-10-12T12:28:07Z" finished-at="2017-10-12T12:28:07Z">
          <reporter-output>
          </reporter-output>
        </test-method> <!-- tearDown -->
      </class> <!-- com.app.addapplicant.Add_Applicant_TestNG -->
    </test> <!-- Default test -->
  </suite> <!-- Default suite -->
</testng-results>
